09-06-2021 @ 19:11:46 - ---[ New import started at 2021-09-06 19:11:46 ] PHP Memory: 256 MB, WP Memory: 40 MB
09-06-2021 @ 19:11:46 - Preparing for import.
09-06-2021 @ 19:11:46 - Row :1 - Parsing item.
09-06-2021 @ 19:11:46 - Importing as new product ID:288
09-06-2021 @ 19:11:46 - Row :1 - Processing item.
09-06-2021 @ 19:11:46 - Found simple product object. ID:288
09-06-2021 @ 19:11:46 - Setting Featured Image. URL:https://jagelaviciute.lt/wp-content/uploads/2021/04/duso-zele.jpeg
09-06-2021 @ 19:11:52 - Attachment ID:752
09-06-2021 @ 19:11:52 - Setting Gallery Images.
09-06-2021 @ 19:11:52 - Image URL:https://jagelaviciute.lt/wp-content/uploads/2021/04/90292969_1600299313452523_6240638625558560768_o.jpeg
09-06-2021 @ 19:12:00 - Attachment ID:753
09-06-2021 @ 19:12:01 - Row :1 - Product imported successfully.
09-06-2021 @ 19:12:01 - Row :2 - Parsing item.
09-06-2021 @ 19:12:01 - Importing as new product ID:302
09-06-2021 @ 19:12:01 - Row :2 - Processing item.
09-06-2021 @ 19:12:01 - Found simple product object. ID:302
09-06-2021 @ 19:12:01 - Setting Featured Image. URL:https://jagelaviciute.lt/wp-content/uploads/2021/04/juodos-vonios-putos-green-feels-agne-jagelaviciute-1.jpeg
09-06-2021 @ 19:16:38 - URL:https://jagelaviciute.lt/wp-content/uploads/2021/04/juodos-vonios-putos-green-feels-agne-jagelaviciute-1.jpeg Reason:Error getting remote image https://jagelaviciute.lt/wp-content/uploads/2021/04/juodos-vonios-putos-green-feels-agne-jagelaviciute-1.jpeg. Error: cURL error 18: transfer closed with 90307 bytes remaining to read
09-06-2021 @ 19:16:38 - Setting Gallery Images.
09-06-2021 @ 19:16:38 - Image URL:https://jagelaviciute.lt/wp-content/uploads/2021/04/90292969_1600299313452523_6240638625558560768_o.jpeg
09-06-2021 @ 19:16:38 - Attachment ID:753
09-06-2021 @ 19:16:39 - Row :2 - Product imported successfully.
09-06-2021 @ 19:16:39 - Row :3 - Parsing item.
09-06-2021 @ 19:16:39 - Importing as new product ID:304
09-06-2021 @ 19:16:39 - Row :3 - Processing item.
09-06-2021 @ 19:16:39 - Found simple product object. ID:304
09-06-2021 @ 19:16:39 - Setting Featured Image. URL:https://jagelaviciute.lt/wp-content/uploads/2021/04/green-feels-ranku-muilas-agne-jagelaviciute-665psd.jpeg
09-06-2021 @ 19:16:46 - Attachment ID:754
09-06-2021 @ 19:16:46 - Row :3 - Product imported successfully.
09-06-2021 @ 19:16:46 - Row :4 - Parsing item.
09-06-2021 @ 19:16:46 - Importing as new product ID:311
09-06-2021 @ 19:16:46 - Row :4 - Processing item.
09-06-2021 @ 19:16:46 - Found simple product object. ID:311
09-06-2021 @ 19:16:46 - Setting Featured Image. URL:https://jagelaviciute.lt/wp-content/uploads/2021/04/knyga_3d_befono.png
09-06-2021 @ 19:18:12 - Attachment ID:755
09-06-2021 @ 19:18:12 - Row :4 - Product imported successfully.
09-06-2021 @ 19:18:12 - Row :5 - Parsing item.
09-06-2021 @ 19:18:13 - Importing as new product ID:1099
09-06-2021 @ 19:18:13 - Row :5 - Processing item.
09-06-2021 @ 19:18:13 - Found simple product object. ID:1099
09-06-2021 @ 19:18:13 - Setting Featured Image. URL:https://jagelaviciute.lt/wp-content/uploads/2021/06/mama-marksineliai.jpeg
09-06-2021 @ 19:18:15 - Attachment ID:1100
09-06-2021 @ 19:18:15 - Row :5 - Product imported successfully.
09-06-2021 @ 19:18:15 - Row :6 - Parsing item.
09-06-2021 @ 19:18:15 - Importing as new product ID:1106
09-06-2021 @ 19:18:15 - Row :6 - Processing item.
09-06-2021 @ 19:18:15 - Found simple product object. ID:1106
09-06-2021 @ 19:18:15 - Setting Featured Image. URL:https://jagelaviciute.lt/wp-content/uploads/2021/06/110583829_2624655641183019_6206067289946806282_n.png
09-06-2021 @ 19:20:16 - Attachment ID:1107
09-06-2021 @ 19:20:16 - Setting Gallery Images.
09-06-2021 @ 19:20:16 - Image URL:https://jagelaviciute.lt/wp-content/uploads/2021/06/109247338_1705915292890924_6661840082444923701_n.jpg
09-06-2021 @ 19:20:26 - Attachment ID:1108
09-06-2021 @ 19:20:26 - Image URL:https://jagelaviciute.lt/wp-content/uploads/2021/06/108218601_562992564586031_2592408638840941320_n.png
09-06-2021 @ 19:20:35 - Attachment ID:1109
09-06-2021 @ 19:20:35 - Image URL:https://jagelaviciute.lt/wp-content/uploads/2021/06/110201407_734469890687528_1372338167919953836_n.png
09-06-2021 @ 19:20:48 - Attachment ID:1110
09-06-2021 @ 19:20:48 - Row :6 - Product imported successfully.
09-06-2021 @ 19:20:48 - Row :7 - Parsing item.
09-06-2021 @ 19:20:48 - Importing as new product ID:1111
09-06-2021 @ 19:20:48 - Row :7 - Processing item.
09-06-2021 @ 19:20:48 - Found simple product object. ID:1111
09-06-2021 @ 19:20:48 - Setting Featured Image. URL:https://jagelaviciute.lt/wp-content/uploads/2021/06/108633926_610675576522213_301373555004146424_n.png
09-06-2021 @ 19:21:23 - Attachment ID:1112
09-06-2021 @ 19:21:23 - Setting Gallery Images.
09-06-2021 @ 19:21:23 - Image URL:https://jagelaviciute.lt/wp-content/uploads/2021/06/108218601_562992564586031_2592408638840941320_n.png
09-06-2021 @ 19:21:23 - Attachment ID:1109
09-06-2021 @ 19:21:23 - Image URL:https://jagelaviciute.lt/wp-content/uploads/2021/06/110201407_734469890687528_1372338167919953836_n.png
09-06-2021 @ 19:21:23 - Attachment ID:1110
09-06-2021 @ 19:21:23 - Image URL:https://jagelaviciute.lt/wp-content/uploads/2021/06/109247338_1705915292890924_6661840082444923701_n.jpg
09-06-2021 @ 19:21:23 - Attachment ID:1108
09-06-2021 @ 19:21:23 - Image URL:https://jagelaviciute.lt/wp-content/uploads/2021/06/110161998_346048659719898_8963929045218260122_n.png
09-06-2021 @ 19:21:55 - Attachment ID:1113
09-06-2021 @ 19:21:55 - Row :7 - Product imported successfully.
09-06-2021 @ 19:21:55 - Row :8 - Parsing item.
09-06-2021 @ 19:21:55 - Importing as new product ID:1114
09-06-2021 @ 19:21:55 - Row :8 - Processing item.
09-06-2021 @ 19:21:55 - Found simple product object. ID:1114
09-06-2021 @ 19:21:55 - Setting Featured Image. URL:https://jagelaviciute.lt/wp-content/uploads/2021/06/IZZIE-BAG-maišas.jpg
09-06-2021 @ 19:22:07 - Attachment ID:1115
09-06-2021 @ 19:22:07 - Row :8 - Product imported successfully.
09-06-2021 @ 19:22:07 - Row :9 - Parsing item.
09-06-2021 @ 19:22:07 - Importing as new product ID:1116
09-06-2021 @ 19:22:07 - Row :9 - Processing item.
09-06-2021 @ 19:22:07 - Found simple product object. ID:1116
09-06-2021 @ 19:22:07 - Setting Featured Image. URL:https://jagelaviciute.lt/wp-content/uploads/2021/06/118498210_1449917685205770_1076509073529351031_n.jpg
09-06-2021 @ 19:22:14 - Attachment ID:1117
09-06-2021 @ 19:22:14 - Row :9 - Product imported successfully.
09-06-2021 @ 19:22:14 - Row :10 - Parsing item.
09-06-2021 @ 19:22:14 - Importing as new product ID:1118
09-06-2021 @ 19:22:14 - Row :10 - Processing item.
09-06-2021 @ 19:22:14 - Found simple product object. ID:1118
09-06-2021 @ 19:22:14 - Setting Featured Image. URL:https://jagelaviciute.lt/wp-content/uploads/2021/06/118468066_1075402592855070_1137398546395548462_n.jpg
09-06-2021 @ 19:23:04 - Attachment ID:1119
09-06-2021 @ 19:23:04 - Setting Gallery Images.
09-06-2021 @ 19:23:04 - Image URL:https://jagelaviciute.lt/wp-content/uploads/2021/06/Screenshot-2021-01-23-at-11.23.01.png
09-06-2021 @ 19:23:19 - Attachment ID:1120
09-06-2021 @ 19:23:19 - Row :10 - Product imported successfully.
